<?xml version="1.0" encoding="UTF-8"?>
<testng-results skipped="0" failed="0" ignored="0" total="1" passed="1">
  <reporter-output>
    <line>
      <![CDATA[Welcome to the Simple Travel Agency!]]>
    </line>
  </reporter-output>
  <suite name="Test calculator" duration-ms="13269" started-at="2020-06-08T15:25:30 CEST" finished-at="2020-06-08T15:25:43 CEST">
    <groups>
    </groups>
    <test name="Calculator" duration-ms="13269" started-at="2020-06-08T15:25:30 CEST" finished-at="2020-06-08T15:25:43 CEST">
      <class name="BlazeDemoTest">
        <test-method status="PASS" signature="beforeClass()[pri:0, instance:BlazeDemoTest@148080bb]" name="beforeClass" is-config="true" duration-ms="4215" started-at="2020-06-08T15:25:30 CEST" finished-at="2020-06-08T15:25:34 CEST">
          <reporter-output>
          </reporter-output>
        </test-method> <!-- beforeClass -->
        <test-method status="PASS" signature="mainTest()[pri:0, instance:BlazeDemoTest@148080bb]" name="mainTest" duration-ms="8287" started-at="2020-06-08T15:25:34 CEST" finished-at="2020-06-08T15:25:43 CEST">
          <reporter-output>
            <line>
              <![CDATA[Welcome to the Simple Travel Agency!]]>
            </line>
          </reporter-output>
        </test-method> <!-- mainTest -->
        <test-method status="PASS" signature="afterClass()[pri:0, instance:BlazeDemoTest@148080bb]" name="afterClass" is-config="true" duration-ms="734" started-at="2020-06-08T15:25:43 CEST" finished-at="2020-06-08T15:25:43 CEST">
          <reporter-output>
          </reporter-output>
        </test-method> <!-- afterClass -->
      </class> <!-- BlazeDemoTest -->
    </test> <!-- Calculator -->
  </suite> <!-- Test calculator -->
</testng-results>
