<?xml version="1.0" encoding="UTF-8"?>
<!-- Generated by org.testng.reporters.JUnitXMLReporter -->
<testsuite hostname="WINDOWS-Q5B8OOA" ignored="1" tests="2" failures="0" timestamp="2020-06-08T16:16:10 CEST" time="8.736" errors="0">
  <testcase name="registerUserTest" time="1.772" classname="AddressBookTest"/>
  <testcase name="logoutUser" time="0.631" classname="AddressBookTest"/>
  <testcase name="loginRegisteredUser" time="0.0" classname="AddressBookTest">
    <ignored/>
  </testcase> <!-- loginRegisteredUser -->
</testsuite>
