<?xml version="1.0" encoding="UTF-8"?>
<!-- Generated by org.testng.reporters.JUnitXMLReporter -->
<testsuite hostname="WINDOWS-Q5B8OOA" ignored="1" tests="2" failures="0" timestamp="2020-06-08T16:16:17 CEST" time="7.035" errors="0">
  <testcase name="loginRegisteredUser" time="1.389" classname="AddressBookTest"/>
  <testcase name="logoutUser" time="0.499" classname="AddressBookTest"/>
  <testcase name="registerUserTest" time="0.0" classname="AddressBookTest">
    <ignored/>
  </testcase> <!-- registerUserTest -->
</testsuite>
