-------------------------------------------------------------------------------
Test set: TestSuite
-------------------------------------------------------------------------------
Tests run: 12, Failures: 1, Errors: 0, Skipped: 0, Time elapsed: 32.889 s <<< FAILURE! - in TestSuite
ChromeTest.selectMultiList  Time elapsed: 5.373 s  <<< FAILURE!
java.lang.AssertionError: expected [true] but found [false]
	at ChromeTest.selectMultiList(ChromeTest.java:228)

